<testsuite name="admin.basic.5B_A02.A02基本設定をする Set Basic Settings" tests="7" errors="7" failures="0" skipped="0" time="135.252983" timestamp="2024-05-14T17:02:49.156166" hostname="Kentas-MacBook-Pro.local"><testcase classname="admin.basic.5B_A02.A02基本設定をする Set Basic Settings" name="[A02-01]ウィジェットを表示する Show widget" status="failed" time="63.929414"><error type="ElementClickInterceptedException" message="Message: element click intercepted: Element &lt;div class=&quot;app-icon-clickable app-icon d-flex justify-center align-center&quot; data-v-1142b6e4=&quot;&quot; data-v-d0ae1258=&quot;&quot; style=&quot;color: rgb(109, 109, 109); width: 24px; height: 24px; border-radius: 50%; cursor: pointer; background: transparent;&quot;&gt;...&lt;/div&gt; is not clickable at point (794, 462). Other element would receive the click: &lt;div class=&quot;v-overlay__scrim fade-transition-enter-from fade-transition-enter-active&quot;&gt;&lt;/div&gt;&#10;  (Session info: chrome=124.0.6367.203)&#10;Stacktrace:&#10;0   chromedriver                        0x00000001024ea940 chromedriver + 4368704&#10;1   chromedriver                        0x00000001024e2dd4 chromedriver + 4337108&#10;2   chromedriver                        0x0000000102106c04 chromedriver + 289796&#10;3   chromedriver                        0x000000010214e88c chromedriver + 583820&#10;4   chromedriver                        0x000000010214ce20 chromedriver + 577056&#10;5   chromedriver                        0x000000010214afac chromedriver + 569260&#10;6   chromedriver                        0x000000010214a13c chromedriver + 565564&#10;7   chromedriver                        0x000000010213f940 chromedriver + 522560&#10;8   chromedriver                        0x000000010213f368 chromedriver + 521064&#10;9   chromedriver                        0x00000001021815ec chromedriver + 792044&#10;10  chromedriver                        0x000000010213dab4 chromedriver + 514740&#10;11  chromedriver                        0x000000010213e50c chromedriver + 517388&#10;12  chromedriver                        0x00000001024aee5c chromedriver + 4124252&#10;13  chromedriver                        0x00000001024b3c4c chromedriver + 4144204&#10;14  chromedriver                        0x0000000102494824 chromedriver + 4016164&#10;15  chromedriver                        0x00000001024b457c chromedriver + 4146556&#10;16  chromedriver                        0x00000001024862d8 chromedriver + 3957464&#10;17  chromedriver                        0x00000001024d3ec4 chromedriver + 4275908&#10;18  chromedriver                        0x00000001024d4040 chromedriver + 4276288&#10;19  chromedriver                        0x00000001024e2a34 chromedriver + 4336180&#10;20  libsystem_pthread.dylib             0x000000019ca16f94 _pthread_start + 136&#10;21  libsystem_pthread.dylib             0x000000019ca11d34 thread_start + 8">
<![CDATA[
Failing step: When 「すべてのウィジェットを有効にする。」のトグルをONにする / Turn on the toggle for "Enable all widgets." ... failed in 63.929s
Location: 5B_A02.feature:6
Traceback (most recent call last):
  File "/opt/homebrew/lib/python3.11/site-packages/behave/model.py", line 1812, in run
    match.run(runner.context)
  File "/opt/homebrew/lib/python3.11/site-packages/behave/matchers.py", line 103, in run
    self.func(context, *args, **kwargs)
  File "../../steps/5B_A02.py", line 61, in a02_01_w
    driver.find_element(By.XPATH,'/html/body/div[2]/div/div[2]/div/div[3]/div/div/div[2]/div[2]').click()
  File "/opt/homebrew/lib/python3.11/site-packages/selenium/webdriver/remote/webelement.py", line 94, in click
    self._execute(Command.CLICK_ELEMENT)
  File "/opt/homebrew/lib/python3.11/site-packages/selenium/webdriver/remote/webelement.py", line 395, in _execute
    return self._parent.execute(command, params)
           ^^^^^^^^^^^^^^^^^^^^^^^^^^^^^^^^^^^^^
  File "/opt/homebrew/lib/python3.11/site-packages/selenium/webdriver/remote/webdriver.py", line 347, in execute
    self.error_handler.check_response(response)
  File "/opt/homebrew/lib/python3.11/site-packages/selenium/webdriver/remote/errorhandler.py", line 229, in check_response
    raise exception_class(message, screen, stacktrace)
selenium.common.exceptions.ElementClickInterceptedException: Message: element click intercepted: Element <div class="app-icon-clickable app-icon d-flex justify-center align-center" data-v-1142b6e4="" data-v-d0ae1258="" style="color: rgb(109, 109, 109); width: 24px; height: 24px; border-radius: 50%; cursor: pointer; background: transparent;">...</div> is not clickable at point (794, 462). Other element would receive the click: <div class="v-overlay__scrim fade-transition-enter-from fade-transition-enter-active"></div>
  (Session info: chrome=124.0.6367.203)
Stacktrace:
0   chromedriver                        0x00000001024ea940 chromedriver + 4368704
1   chromedriver                        0x00000001024e2dd4 chromedriver + 4337108
2   chromedriver                        0x0000000102106c04 chromedriver + 289796
3   chromedriver                        0x000000010214e88c chromedriver + 583820
4   chromedriver                        0x000000010214ce20 chromedriver + 577056
5   chromedriver                        0x000000010214afac chromedriver + 569260
6   chromedriver                        0x000000010214a13c chromedriver + 565564
7   chromedriver                        0x000000010213f940 chromedriver + 522560
8   chromedriver                        0x000000010213f368 chromedriver + 521064
9   chromedriver                        0x00000001021815ec chromedriver + 792044
10  chromedriver                        0x000000010213dab4 chromedriver + 514740
11  chromedriver                        0x000000010213e50c chromedriver + 517388
12  chromedriver                        0x00000001024aee5c chromedriver + 4124252
13  chromedriver                        0x00000001024b3c4c chromedriver + 4144204
14  chromedriver                        0x0000000102494824 chromedriver + 4016164
15  chromedriver                        0x00000001024b457c chromedriver + 4146556
16  chromedriver                        0x00000001024862d8 chromedriver + 3957464
17  chromedriver                        0x00000001024d3ec4 chromedriver + 4275908
18  chromedriver                        0x00000001024d4040 chromedriver + 4276288
19  chromedriver                        0x00000001024e2a34 chromedriver + 4336180
20  libsystem_pthread.dylib             0x000000019ca16f94 _pthread_start + 136
21  libsystem_pthread.dylib             0x000000019ca11d34 thread_start + 8


Captured stdout:
a]]>
</error><system-out>
<![CDATA[
@scenario.begin

  @BDDTEST-GPT-760
  Scenario: [A02-01]ウィジェットを表示する Show widget
    Given ゲスト画面にウィジェットが表示されていない / The widget is not displayed on the guest screen ... passed in 0.000s
    When 「すべてのウィジェットを有効にする。」のトグルをONにする / Turn on the toggle for "Enable all widgets." ... failed in 63.929s
    Then ゲスト画面で該当のウィジェットが表示されている / The corresponding widget is displayed on the guest screen ... skipped in 0.000s
    Then ゲスト画面を開くと、通常フローでGPT・スタッフに問い合わせが送信できる ... skipped in 0.000s

@scenario.end
--------------------------------------------------------------------------------

Captured stdout:
a

]]>
</system-out></testcase><testcase classname="admin.basic.5B_A02.A02基本設定をする Set Basic Settings" name="[A02-02]ウィジェットを非表示にする Hide widget" status="failed" time="1.066264"><error type="ElementClickInterceptedException" message="Message: element click intercepted: Element &lt;div class=&quot;nav-bar-item d-flex align-center&quot; data-v-2a2818d4=&quot;&quot; style=&quot;min-height: 35px;&quot;&gt;...&lt;/div&gt; is not clickable at point (102, 81). Other element would receive the click: &lt;div class=&quot;v-overlay__scrim fade-transition-enter-from fade-transition-enter-active&quot;&gt;&lt;/div&gt;&#10;  (Session info: chrome=124.0.6367.203)&#10;Stacktrace:&#10;0   chromedriver                        0x00000001024ea940 chromedriver + 4368704&#10;1   chromedriver                        0x00000001024e2dd4 chromedriver + 4337108&#10;2   chromedriver                        0x0000000102106c04 chromedriver + 289796&#10;3   chromedriver                        0x000000010214e88c chromedriver + 583820&#10;4   chromedriver                        0x000000010214ce20 chromedriver + 577056&#10;5   chromedriver                        0x000000010214afac chromedriver + 569260&#10;6   chromedriver                        0x000000010214a13c chromedriver + 565564&#10;7   chromedriver                        0x000000010213f940 chromedriver + 522560&#10;8   chromedriver                        0x000000010213f368 chromedriver + 521064&#10;9   chromedriver                        0x00000001021815ec chromedriver + 792044&#10;10  chromedriver                        0x000000010213dab4 chromedriver + 514740&#10;11  chromedriver                        0x000000010213e50c chromedriver + 517388&#10;12  chromedriver                        0x00000001024aee5c chromedriver + 4124252&#10;13  chromedriver                        0x00000001024b3c4c chromedriver + 4144204&#10;14  chromedriver                        0x0000000102494824 chromedriver + 4016164&#10;15  chromedriver                        0x00000001024b457c chromedriver + 4146556&#10;16  chromedriver                        0x00000001024862d8 chromedriver + 3957464&#10;17  chromedriver                        0x00000001024d3ec4 chromedriver + 4275908&#10;18  chromedriver                        0x00000001024d4040 chromedriver + 4276288&#10;19  chromedriver                        0x00000001024e2a34 chromedriver + 4336180&#10;20  libsystem_pthread.dylib             0x000000019ca16f94 _pthread_start + 136&#10;21  libsystem_pthread.dylib             0x000000019ca11d34 thread_start + 8">
<![CDATA[
Failing step: When 「すべてのウィジェットを有効にする。」のトグルをOFFにする / Turn off the toggle for "Enable all widgets." ... failed in 1.066s
Location: 5B_A02.feature:13
Traceback (most recent call last):
  File "/opt/homebrew/lib/python3.11/site-packages/behave/model.py", line 1812, in run
    match.run(runner.context)
  File "/opt/homebrew/lib/python3.11/site-packages/behave/matchers.py", line 103, in run
    self.func(context, *args, **kwargs)
  File "../../steps/5B_A02.py", line 101, in a02_02_w
    driver.find_element(By.XPATH,'/html/body/div[1]/div/div/div/div/div[2]/div[1]/div/div[1]').click()
  File "/opt/homebrew/lib/python3.11/site-packages/selenium/webdriver/remote/webelement.py", line 94, in click
    self._execute(Command.CLICK_ELEMENT)
  File "/opt/homebrew/lib/python3.11/site-packages/selenium/webdriver/remote/webelement.py", line 395, in _execute
    return self._parent.execute(command, params)
           ^^^^^^^^^^^^^^^^^^^^^^^^^^^^^^^^^^^^^
  File "/opt/homebrew/lib/python3.11/site-packages/selenium/webdriver/remote/webdriver.py", line 347, in execute
    self.error_handler.check_response(response)
  File "/opt/homebrew/lib/python3.11/site-packages/selenium/webdriver/remote/errorhandler.py", line 229, in check_response
    raise exception_class(message, screen, stacktrace)
selenium.common.exceptions.ElementClickInterceptedException: Message: element click intercepted: Element <div class="nav-bar-item d-flex align-center" data-v-2a2818d4="" style="min-height: 35px;">...</div> is not clickable at point (102, 81). Other element would receive the click: <div class="v-overlay__scrim fade-transition-enter-from fade-transition-enter-active"></div>
  (Session info: chrome=124.0.6367.203)
Stacktrace:
0   chromedriver                        0x00000001024ea940 chromedriver + 4368704
1   chromedriver                        0x00000001024e2dd4 chromedriver + 4337108
2   chromedriver                        0x0000000102106c04 chromedriver + 289796
3   chromedriver                        0x000000010214e88c chromedriver + 583820
4   chromedriver                        0x000000010214ce20 chromedriver + 577056
5   chromedriver                        0x000000010214afac chromedriver + 569260
6   chromedriver                        0x000000010214a13c chromedriver + 565564
7   chromedriver                        0x000000010213f940 chromedriver + 522560
8   chromedriver                        0x000000010213f368 chromedriver + 521064
9   chromedriver                        0x00000001021815ec chromedriver + 792044
10  chromedriver                        0x000000010213dab4 chromedriver + 514740
11  chromedriver                        0x000000010213e50c chromedriver + 517388
12  chromedriver                        0x00000001024aee5c chromedriver + 4124252
13  chromedriver                        0x00000001024b3c4c chromedriver + 4144204
14  chromedriver                        0x0000000102494824 chromedriver + 4016164
15  chromedriver                        0x00000001024b457c chromedriver + 4146556
16  chromedriver                        0x00000001024862d8 chromedriver + 3957464
17  chromedriver                        0x00000001024d3ec4 chromedriver + 4275908
18  chromedriver                        0x00000001024d4040 chromedriver + 4276288
19  chromedriver                        0x00000001024e2a34 chromedriver + 4336180
20  libsystem_pthread.dylib             0x000000019ca16f94 _pthread_start + 136
21  libsystem_pthread.dylib             0x000000019ca11d34 thread_start + 8


Captured stdout:
a]]>
</error><system-out>
<![CDATA[
@scenario.begin

  @BDDTEST-GPT-761
  Scenario: [A02-02]ウィジェットを非表示にする Hide widget
    Given ゲスト画面にウィジェットが表示されている / The widget is displayed on the guest screen ... passed in 0.000s
    When 「すべてのウィジェットを有効にする。」のトグルをOFFにする / Turn off the toggle for "Enable all widgets." ... failed in 1.066s
    Then ゲスト画面で該当のウィジェットが表示されていない / The widget is not displayed on the guest screen ... skipped in 0.000s
    Then ゲスト画面を開くと、「チャット機能は現在ご利用できません」が表示される ... skipped in 0.000s

@scenario.end
--------------------------------------------------------------------------------

Captured stdout:
a

]]>
</system-out></testcase><testcase classname="admin.basic.5B_A02.A02基本設定をする Set Basic Settings" name="[A02-03]ゲストによる回答評価の利用を有にする（Survey）Make use of guest response evaluation (Survey)" status="failed" time="1.015512"><error type="NoSuchElementException" message="Message: no such element: Unable to locate element: {&quot;method&quot;:&quot;xpath&quot;,&quot;selector&quot;:&quot;/html/body/div[1]/div/div/div/div/div[2]/div[2]/div/div/div[2]/div/div/div/div[2]/input&quot;}&#10;  (Session info: chrome=124.0.6367.203); For documentation on this error, please visit: https://www.selenium.dev/documentation/webdriver/troubleshooting/errors#no-such-element-exception&#10;Stacktrace:&#10;0   chromedriver                        0x00000001024ea940 chromedriver + 4368704&#10;1   chromedriver                        0x00000001024e2dd4 chromedriver + 4337108&#10;2   chromedriver                        0x0000000102106c04 chromedriver + 289796&#10;3   chromedriver                        0x0000000102148e00 chromedriver + 560640&#10;4   chromedriver                        0x00000001021815ec chromedriver + 792044&#10;5   chromedriver                        0x000000010213dab4 chromedriver + 514740&#10;6   chromedriver                        0x000000010213e50c chromedriver + 517388&#10;7   chromedriver                        0x00000001024aee5c chromedriver + 4124252&#10;8   chromedriver                        0x00000001024b3c4c chromedriver + 4144204&#10;9   chromedriver                        0x0000000102494824 chromedriver + 4016164&#10;10  chromedriver                        0x00000001024b457c chromedriver + 4146556&#10;11  chromedriver                        0x00000001024862d8 chromedriver + 3957464&#10;12  chromedriver                        0x00000001024d3ec4 chromedriver + 4275908&#10;13  chromedriver                        0x00000001024d4040 chromedriver + 4276288&#10;14  chromedriver                        0x00000001024e2a34 chromedriver + 4336180&#10;15  libsystem_pthread.dylib             0x000000019ca16f94 _pthread_start + 136&#10;16  libsystem_pthread.dylib             0x000000019ca11d34 thread_start + 8">
<![CDATA[
Failing step: When "チャット終了後の「ゲスト評価」を利用する。"のトグルをONにする Turn on the "Use the guest evaluation after the chat." ... failed in 0.010s
Location: 5B_A02.feature:20
Traceback (most recent call last):
  File "/opt/homebrew/lib/python3.11/site-packages/behave/model.py", line 1812, in run
    match.run(runner.context)
  File "/opt/homebrew/lib/python3.11/site-packages/behave/matchers.py", line 103, in run
    self.func(context, *args, **kwargs)
  File "../../steps/5B_A02.py", line 152, in a02_03_t1
    toggle_button = driver.find_element(By.XPATH, '/html/body/div[1]/div/div/div/div/div[2]/div[2]/div/div/div[2]/div/div/div/div[2]/input')
                    ^^^^^^^^^^^^^^^^^^^^^^^^^^^^^^^^^^^^^^^^^^^^^^^^^^^^^^^^^^^^^^^^^^^^^^^^^^^^^^^^^^^^^^^^^^^^^^^^^^^^^^^^^^^^^^^^^^^^^^^^
  File "/opt/homebrew/lib/python3.11/site-packages/selenium/webdriver/remote/webdriver.py", line 741, in find_element
    return self.execute(Command.FIND_ELEMENT, {"using": by, "value": value})["value"]
           ^^^^^^^^^^^^^^^^^^^^^^^^^^^^^^^^^^^^^^^^^^^^^^^^^^^^^^^^^^^^^^^^^
  File "/opt/homebrew/lib/python3.11/site-packages/selenium/webdriver/remote/webdriver.py", line 347, in execute
    self.error_handler.check_response(response)
  File "/opt/homebrew/lib/python3.11/site-packages/selenium/webdriver/remote/errorhandler.py", line 229, in check_response
    raise exception_class(message, screen, stacktrace)
selenium.common.exceptions.NoSuchElementException: Message: no such element: Unable to locate element: {"method":"xpath","selector":"/html/body/div[1]/div/div/div/div/div[2]/div[2]/div/div/div[2]/div/div/div/div[2]/input"}
  (Session info: chrome=124.0.6367.203); For documentation on this error, please visit: https://www.selenium.dev/documentation/webdriver/troubleshooting/errors#no-such-element-exception
Stacktrace:
0   chromedriver                        0x00000001024ea940 chromedriver + 4368704
1   chromedriver                        0x00000001024e2dd4 chromedriver + 4337108
2   chromedriver                        0x0000000102106c04 chromedriver + 289796
3   chromedriver                        0x0000000102148e00 chromedriver + 560640
4   chromedriver                        0x00000001021815ec chromedriver + 792044
5   chromedriver                        0x000000010213dab4 chromedriver + 514740
6   chromedriver                        0x000000010213e50c chromedriver + 517388
7   chromedriver                        0x00000001024aee5c chromedriver + 4124252
8   chromedriver                        0x00000001024b3c4c chromedriver + 4144204
9   chromedriver                        0x0000000102494824 chromedriver + 4016164
10  chromedriver                        0x00000001024b457c chromedriver + 4146556
11  chromedriver                        0x00000001024862d8 chromedriver + 3957464
12  chromedriver                        0x00000001024d3ec4 chromedriver + 4275908
13  chromedriver                        0x00000001024d4040 chromedriver + 4276288
14  chromedriver                        0x00000001024e2a34 chromedriver + 4336180
15  libsystem_pthread.dylib             0x000000019ca16f94 _pthread_start + 136
16  libsystem_pthread.dylib             0x000000019ca11d34 thread_start + 8


Captured stdout:
a
b]]>
</error><system-out>
<![CDATA[
@scenario.begin

  @BDDTEST-GPT-762
  Scenario: [A02-03]ゲストによる回答評価の利用を有にする（Survey）Make use of guest response evaluation (Survey)
    Given "チャット終了後の「ゲスト評価」を利用する。"トグルがOFFになっている "Use the guest evaluation after the chat. " is OFF ... passed in 1.005s
    When "チャット終了後の「ゲスト評価」を利用する。"のトグルをONにする Turn on the "Use the guest evaluation after the chat." ... failed in 0.010s
    Then ステップ④ゲストによる評価の「ゲストによる評価を利用する」がONになる Guest Rating on the Step 4 is turned ON ... skipped in 0.000s
    Then ゲスト画面で、GPTからの回答後ゲスト評価が表示される After GPT replies, the Guest Rating is displayed on the guest screen ... skipped in 0.000s

@scenario.end
--------------------------------------------------------------------------------

Captured stdout:
a
b

]]>
</system-out></testcase><testcase classname="admin.basic.5B_A02.A02基本設定をする Set Basic Settings" name="[A02-04]ゲストによる回答評価の利用を無にする（Survey）Eliminate the use of guest response ratings (Survey)" status="failed" time="33.103634"><error type="TimeoutException" message="Message: &#10;Stacktrace:&#10;0   chromedriver                        0x00000001024ea940 chromedriver + 4368704&#10;1   chromedriver                        0x00000001024e2dd4 chromedriver + 4337108&#10;2   chromedriver                        0x0000000102106c04 chromedriver + 289796&#10;3   chromedriver                        0x0000000102148e00 chromedriver + 560640&#10;4   chromedriver                        0x00000001021815ec chromedriver + 792044&#10;5   chromedriver                        0x000000010213dab4 chromedriver + 514740&#10;6   chromedriver                        0x000000010213e50c chromedriver + 517388&#10;7   chromedriver                        0x00000001024aee5c chromedriver + 4124252&#10;8   chromedriver                        0x00000001024b3c4c chromedriver + 4144204&#10;9   chromedriver                        0x0000000102494824 chromedriver + 4016164&#10;10  chromedriver                        0x00000001024b457c chromedriver + 4146556&#10;11  chromedriver                        0x00000001024862d8 chromedriver + 3957464&#10;12  chromedriver                        0x00000001024d3ec4 chromedriver + 4275908&#10;13  chromedriver                        0x00000001024d4040 chromedriver + 4276288&#10;14  chromedriver                        0x00000001024e2a34 chromedriver + 4336180&#10;15  libsystem_pthread.dylib             0x000000019ca16f94 _pthread_start + 136&#10;16  libsystem_pthread.dylib             0x000000019ca11d34 thread_start + 8">
<![CDATA[
Failing step: When "ゲスト評価"のトグルをOFFにする Turn off the "Guest Rating" ... failed in 33.094s
Location: 5B_A02.feature:27
Traceback (most recent call last):
  File "/opt/homebrew/lib/python3.11/site-packages/behave/model.py", line 1812, in run
    match.run(runner.context)
  File "/opt/homebrew/lib/python3.11/site-packages/behave/matchers.py", line 103, in run
    self.func(context, *args, **kwargs)
  File "../../steps/5B_A02.py", line 205, in a02_04_w
    toggle_button = WebDriverWait(driver,30).until(EC.visibility_of_element_located((By.XPATH, '/html/body/div[1]/div/div/div/div/div[2]/div[2]/div/div/div[2]/div/div/div')))
                    ^^^^^^^^^^^^^^^^^^^^^^^^^^^^^^^^^^^^^^^^^^^^^^^^^^^^^^^^^^^^^^^^^^^^^^^^^^^^^^^^^^^^^^^^^^^^^^^^^^^^^^^^^^^^^^^^^^^^^^^^^^^^^^^^^^^^^^^^^^^^^^^^^^^^^^^^^^
  File "/opt/homebrew/lib/python3.11/site-packages/selenium/webdriver/support/wait.py", line 105, in until
    raise TimeoutException(message, screen, stacktrace)
selenium.common.exceptions.TimeoutException: Message: 
Stacktrace:
0   chromedriver                        0x00000001024ea940 chromedriver + 4368704
1   chromedriver                        0x00000001024e2dd4 chromedriver + 4337108
2   chromedriver                        0x0000000102106c04 chromedriver + 289796
3   chromedriver                        0x0000000102148e00 chromedriver + 560640
4   chromedriver                        0x00000001021815ec chromedriver + 792044
5   chromedriver                        0x000000010213dab4 chromedriver + 514740
6   chromedriver                        0x000000010213e50c chromedriver + 517388
7   chromedriver                        0x00000001024aee5c chromedriver + 4124252
8   chromedriver                        0x00000001024b3c4c chromedriver + 4144204
9   chromedriver                        0x0000000102494824 chromedriver + 4016164
10  chromedriver                        0x00000001024b457c chromedriver + 4146556
11  chromedriver                        0x00000001024862d8 chromedriver + 3957464
12  chromedriver                        0x00000001024d3ec4 chromedriver + 4275908
13  chromedriver                        0x00000001024d4040 chromedriver + 4276288
14  chromedriver                        0x00000001024e2a34 chromedriver + 4336180
15  libsystem_pthread.dylib             0x000000019ca16f94 _pthread_start + 136
16  libsystem_pthread.dylib             0x000000019ca11d34 thread_start + 8

]]>
</error><system-out>
<![CDATA[
@scenario.begin

  @BDDTEST-GPT-763
  Scenario: [A02-04]ゲストによる回答評価の利用を無にする（Survey）Eliminate the use of guest response ratings (Survey)
    Given ステップ④ゲストによる評価の「ゲストによる評価を利用する」がONになっている Guest Rating on the Step 4 is ON ... passed in 0.010s
    When "ゲスト評価"のトグルをOFFにする Turn off the "Guest Rating" ... failed in 33.094s
    Then ステップ④ゲストによる評価の「ゲストによる評価を利用する」がOFFになる Guest Rating on the Step 4 is turned OFF ... skipped in 0.000s
    Then ゲスト画面で、GPTからの回答後にゲスト評価が表示されなくなる On the guest screen, the Guest Rating is no longer displayed after GPT replies ... skipped in 0.000s

@scenario.end
--------------------------------------------------------------------------------
]]>
</system-out></testcase><testcase classname="admin.basic.5B_A02.A02基本設定をする Set Basic Settings" name="[A02-05]WorkCodeを追加する Add work code" status="failed" time="6.020043"><error type="NoSuchElementException" message="Message: no such element: Unable to locate element: {&quot;method&quot;:&quot;xpath&quot;,&quot;selector&quot;:&quot;/html/body/div[1]/div/div/div/div/div[2]/div[2]/div/div/div[3]/div[2]/div/table/tbody&quot;}&#10;  (Session info: chrome=124.0.6367.203); For documentation on this error, please visit: https://www.selenium.dev/documentation/webdriver/troubleshooting/errors#no-such-element-exception&#10;Stacktrace:&#10;0   chromedriver                        0x00000001024ea940 chromedriver + 4368704&#10;1   chromedriver                        0x00000001024e2dd4 chromedriver + 4337108&#10;2   chromedriver                        0x0000000102106c04 chromedriver + 289796&#10;3   chromedriver                        0x0000000102148e00 chromedriver + 560640&#10;4   chromedriver                        0x00000001021815ec chromedriver + 792044&#10;5   chromedriver                        0x000000010213dab4 chromedriver + 514740&#10;6   chromedriver                        0x000000010213e50c chromedriver + 517388&#10;7   chromedriver                        0x00000001024aee5c chromedriver + 4124252&#10;8   chromedriver                        0x00000001024b3c4c chromedriver + 4144204&#10;9   chromedriver                        0x0000000102494824 chromedriver + 4016164&#10;10  chromedriver                        0x00000001024b457c chromedriver + 4146556&#10;11  chromedriver                        0x00000001024862d8 chromedriver + 3957464&#10;12  chromedriver                        0x00000001024d3ec4 chromedriver + 4275908&#10;13  chromedriver                        0x00000001024d4040 chromedriver + 4276288&#10;14  chromedriver                        0x00000001024e2a34 chromedriver + 4336180&#10;15  libsystem_pthread.dylib             0x000000019ca16f94 _pthread_start + 136&#10;16  libsystem_pthread.dylib             0x000000019ca11d34 thread_start + 8">
<![CDATA[
Failing step: When 「＋」ボタンを押し、ワークコード名を入力して保存する / Press the "+" button, enter a name and save ... failed in 5.020s
Location: 5B_A02.feature:34
Traceback (most recent call last):
  File "/opt/homebrew/lib/python3.11/site-packages/behave/model.py", line 1812, in run
    match.run(runner.context)
  File "/opt/homebrew/lib/python3.11/site-packages/behave/matchers.py", line 103, in run
    self.func(context, *args, **kwargs)
  File "../../steps/5B_A02.py", line 262, in a02_05_w
    target_element = driver.find_element(By.XPATH,'/html/body/div[1]/div/div/div/div/div[2]/div[2]/div/div/div[3]/div[2]/div/table/tbody')
                     ^^^^^^^^^^^^^^^^^^^^^^^^^^^^^^^^^^^^^^^^^^^^^^^^^^^^^^^^^^^^^^^^^^^^^^^^^^^^^^^^^^^^^^^^^^^^^^^^^^^^^^^^^^^^^^^^^^^^^
  File "/opt/homebrew/lib/python3.11/site-packages/selenium/webdriver/remote/webdriver.py", line 741, in find_element
    return self.execute(Command.FIND_ELEMENT, {"using": by, "value": value})["value"]
           ^^^^^^^^^^^^^^^^^^^^^^^^^^^^^^^^^^^^^^^^^^^^^^^^^^^^^^^^^^^^^^^^^
  File "/opt/homebrew/lib/python3.11/site-packages/selenium/webdriver/remote/webdriver.py", line 347, in execute
    self.error_handler.check_response(response)
  File "/opt/homebrew/lib/python3.11/site-packages/selenium/webdriver/remote/errorhandler.py", line 229, in check_response
    raise exception_class(message, screen, stacktrace)
selenium.common.exceptions.NoSuchElementException: Message: no such element: Unable to locate element: {"method":"xpath","selector":"/html/body/div[1]/div/div/div/div/div[2]/div[2]/div/div/div[3]/div[2]/div/table/tbody"}
  (Session info: chrome=124.0.6367.203); For documentation on this error, please visit: https://www.selenium.dev/documentation/webdriver/troubleshooting/errors#no-such-element-exception
Stacktrace:
0   chromedriver                        0x00000001024ea940 chromedriver + 4368704
1   chromedriver                        0x00000001024e2dd4 chromedriver + 4337108
2   chromedriver                        0x0000000102106c04 chromedriver + 289796
3   chromedriver                        0x0000000102148e00 chromedriver + 560640
4   chromedriver                        0x00000001021815ec chromedriver + 792044
5   chromedriver                        0x000000010213dab4 chromedriver + 514740
6   chromedriver                        0x000000010213e50c chromedriver + 517388
7   chromedriver                        0x00000001024aee5c chromedriver + 4124252
8   chromedriver                        0x00000001024b3c4c chromedriver + 4144204
9   chromedriver                        0x0000000102494824 chromedriver + 4016164
10  chromedriver                        0x00000001024b457c chromedriver + 4146556
11  chromedriver                        0x00000001024862d8 chromedriver + 3957464
12  chromedriver                        0x00000001024d3ec4 chromedriver + 4275908
13  chromedriver                        0x00000001024d4040 chromedriver + 4276288
14  chromedriver                        0x00000001024e2a34 chromedriver + 4336180
15  libsystem_pthread.dylib             0x000000019ca16f94 _pthread_start + 136
16  libsystem_pthread.dylib             0x000000019ca11d34 thread_start + 8


Captured stdout:
a]]>
</error><system-out>
<![CDATA[
@scenario.begin

  @BDDTEST-GPT-764
  Scenario: [A02-05]WorkCodeを追加する Add work code
    Given 基本設定画面のワークコードマスタに、現在登録されているワークコード一覧が表示されている / A list of work codes currently registered in the work code master is displayed. ... passed in 1.000s
    When 「＋」ボタンを押し、ワークコード名を入力して保存する / Press the "+" button, enter a name and save ... failed in 5.020s
    Then ワークコード一覧に数字→アルファベット→ひらがな→漢字の順に新たなワークコードが追加され、スタッフ画面にも同様に表示される / A new work code is added to the work code list in the order of numbers → alphabet → hiragana → kanji, and the same is displayed on the staff screen. ... skipped in 0.000s

@scenario.end
--------------------------------------------------------------------------------

Captured stdout:
a

]]>
</system-out></testcase><testcase classname="admin.basic.5B_A02.A02基本設定をする Set Basic Settings" name="[A02-06]WorkCodeを削除する Delete workcode" status="failed" time="0.016595"><error type="NoSuchElementException" message="Message: no such element: Unable to locate element: {&quot;method&quot;:&quot;xpath&quot;,&quot;selector&quot;:&quot;/html/body/div[1]/div/div/div/div/div[2]/div[2]/div/div/div[3]/div[2]/div/table/tbody/tr[5]/td[1]/div/div[1]/div/div/div/input&quot;}&#10;  (Session info: chrome=124.0.6367.203); For documentation on this error, please visit: https://www.selenium.dev/documentation/webdriver/troubleshooting/errors#no-such-element-exception&#10;Stacktrace:&#10;0   chromedriver                        0x00000001024ea940 chromedriver + 4368704&#10;1   chromedriver                        0x00000001024e2dd4 chromedriver + 4337108&#10;2   chromedriver                        0x0000000102106c04 chromedriver + 289796&#10;3   chromedriver                        0x0000000102148e00 chromedriver + 560640&#10;4   chromedriver                        0x00000001021815ec chromedriver + 792044&#10;5   chromedriver                        0x000000010213dab4 chromedriver + 514740&#10;6   chromedriver                        0x000000010213e50c chromedriver + 517388&#10;7   chromedriver                        0x00000001024aee5c chromedriver + 4124252&#10;8   chromedriver                        0x00000001024b3c4c chromedriver + 4144204&#10;9   chromedriver                        0x0000000102494824 chromedriver + 4016164&#10;10  chromedriver                        0x00000001024b457c chromedriver + 4146556&#10;11  chromedriver                        0x00000001024862d8 chromedriver + 3957464&#10;12  chromedriver                        0x00000001024d3ec4 chromedriver + 4275908&#10;13  chromedriver                        0x00000001024d4040 chromedriver + 4276288&#10;14  chromedriver                        0x00000001024e2a34 chromedriver + 4336180&#10;15  libsystem_pthread.dylib             0x000000019ca16f94 _pthread_start + 136&#10;16  libsystem_pthread.dylib             0x000000019ca11d34 thread_start + 8">
<![CDATA[
Failing step: When 削除したいワークコードに✅をし、ごみ箱ボタンをクリックする  /✅  on the work code you want to delete and click the Recycle Bin button ... failed in 0.016s
Location: 5B_A02.feature:40
Traceback (most recent call last):
  File "/opt/homebrew/lib/python3.11/site-packages/behave/model.py", line 1812, in run
    match.run(runner.context)
  File "/opt/homebrew/lib/python3.11/site-packages/behave/matchers.py", line 103, in run
    self.func(context, *args, **kwargs)
  File "../../steps/5B_A02.py", line 303, in a02_06_w
    driver.find_element(By.XPATH,'/html/body/div[1]/div/div/div/div/div[2]/div[2]/div/div/div[3]/div[2]/div/table/tbody/tr[5]/td[1]/div/div[1]/div/div/div/input').click()
    ^^^^^^^^^^^^^^^^^^^^^^^^^^^^^^^^^^^^^^^^^^^^^^^^^^^^^^^^^^^^^^^^^^^^^^^^^^^^^^^^^^^^^^^^^^^^^^^^^^^^^^^^^^^^^^^^^^^^^^^^^^^^^^^^^^^^^^^^^^^^^^^^^^^^^^^^^^^^^^
  File "/opt/homebrew/lib/python3.11/site-packages/selenium/webdriver/remote/webdriver.py", line 741, in find_element
    return self.execute(Command.FIND_ELEMENT, {"using": by, "value": value})["value"]
           ^^^^^^^^^^^^^^^^^^^^^^^^^^^^^^^^^^^^^^^^^^^^^^^^^^^^^^^^^^^^^^^^^
  File "/opt/homebrew/lib/python3.11/site-packages/selenium/webdriver/remote/webdriver.py", line 347, in execute
    self.error_handler.check_response(response)
  File "/opt/homebrew/lib/python3.11/site-packages/selenium/webdriver/remote/errorhandler.py", line 229, in check_response
    raise exception_class(message, screen, stacktrace)
selenium.common.exceptions.NoSuchElementException: Message: no such element: Unable to locate element: {"method":"xpath","selector":"/html/body/div[1]/div/div/div/div/div[2]/div[2]/div/div/div[3]/div[2]/div/table/tbody/tr[5]/td[1]/div/div[1]/div/div/div/input"}
  (Session info: chrome=124.0.6367.203); For documentation on this error, please visit: https://www.selenium.dev/documentation/webdriver/troubleshooting/errors#no-such-element-exception
Stacktrace:
0   chromedriver                        0x00000001024ea940 chromedriver + 4368704
1   chromedriver                        0x00000001024e2dd4 chromedriver + 4337108
2   chromedriver                        0x0000000102106c04 chromedriver + 289796
3   chromedriver                        0x0000000102148e00 chromedriver + 560640
4   chromedriver                        0x00000001021815ec chromedriver + 792044
5   chromedriver                        0x000000010213dab4 chromedriver + 514740
6   chromedriver                        0x000000010213e50c chromedriver + 517388
7   chromedriver                        0x00000001024aee5c chromedriver + 4124252
8   chromedriver                        0x00000001024b3c4c chromedriver + 4144204
9   chromedriver                        0x0000000102494824 chromedriver + 4016164
10  chromedriver                        0x00000001024b457c chromedriver + 4146556
11  chromedriver                        0x00000001024862d8 chromedriver + 3957464
12  chromedriver                        0x00000001024d3ec4 chromedriver + 4275908
13  chromedriver                        0x00000001024d4040 chromedriver + 4276288
14  chromedriver                        0x00000001024e2a34 chromedriver + 4336180
15  libsystem_pthread.dylib             0x000000019ca16f94 _pthread_start + 136
16  libsystem_pthread.dylib             0x000000019ca11d34 thread_start + 8


Captured stdout:
a]]>
</error><system-out>
<![CDATA[
@scenario.begin

  @BDDTEST-GPT-765
  Scenario: [A02-06]WorkCodeを削除する Delete workcode
    Given ワークコードマスタに現在登録されているワークコード一覧が表示されている1 / A list of work codes currently registered in the work code master is displayed. ... passed in 0.000s
    When 削除したいワークコードに✅をし、ごみ箱ボタンをクリックする  /✅  on the work code you want to delete and click the Recycle Bin button ... failed in 0.016s
    Then ワークコード一覧から削除され、スタッフ画面にも反映されている / It has been deleted from the work code list and reflected on the staff screen. ... skipped in 0.000s

@scenario.end
--------------------------------------------------------------------------------

Captured stdout:
a

]]>
</system-out></testcase><testcase classname="admin.basic.5B_A02.A02基本設定をする Set Basic Settings" name="[A02-07]WorkCodeを編集する Edit workcode" status="failed" time="30.101521"><error type="TimeoutException" message="Message: &#10;Stacktrace:&#10;0   chromedriver                        0x00000001024ea940 chromedriver + 4368704&#10;1   chromedriver                        0x00000001024e2dd4 chromedriver + 4337108&#10;2   chromedriver                        0x0000000102106c04 chromedriver + 289796&#10;3   chromedriver                        0x0000000102148e00 chromedriver + 560640&#10;4   chromedriver                        0x00000001021815ec chromedriver + 792044&#10;5   chromedriver                        0x000000010213dab4 chromedriver + 514740&#10;6   chromedriver                        0x000000010213e50c chromedriver + 517388&#10;7   chromedriver                        0x00000001024aee5c chromedriver + 4124252&#10;8   chromedriver                        0x00000001024b3c4c chromedriver + 4144204&#10;9   chromedriver                        0x0000000102494824 chromedriver + 4016164&#10;10  chromedriver                        0x00000001024b457c chromedriver + 4146556&#10;11  chromedriver                        0x00000001024862d8 chromedriver + 3957464&#10;12  chromedriver                        0x00000001024d3ec4 chromedriver + 4275908&#10;13  chromedriver                        0x00000001024d4040 chromedriver + 4276288&#10;14  chromedriver                        0x00000001024e2a34 chromedriver + 4336180&#10;15  libsystem_pthread.dylib             0x000000019ca16f94 _pthread_start + 136&#10;16  libsystem_pthread.dylib             0x000000019ca11d34 thread_start + 8">
<![CDATA[
Failing step: When 編集したいワークコードのペンシルマークをクリックし、名前を編集する / Click the pencil mark of the work code you want to edit, and edit name ... failed in 30.101s
Location: 5B_A02.feature:46
Traceback (most recent call last):
  File "/opt/homebrew/lib/python3.11/site-packages/behave/model.py", line 1812, in run
    match.run(runner.context)
  File "/opt/homebrew/lib/python3.11/site-packages/behave/matchers.py", line 103, in run
    self.func(context, *args, **kwargs)
  File "../../steps/5B_A02.py", line 326, in a02_07_w
    toggle_button = WebDriverWait(driver,30).until(EC.visibility_of_element_located((By.XPATH, '/html/body/div[1]/div/div/div/div/div[2]/div[2]/div/div/div[2]/div/div/div')))
                    ^^^^^^^^^^^^^^^^^^^^^^^^^^^^^^^^^^^^^^^^^^^^^^^^^^^^^^^^^^^^^^^^^^^^^^^^^^^^^^^^^^^^^^^^^^^^^^^^^^^^^^^^^^^^^^^^^^^^^^^^^^^^^^^^^^^^^^^^^^^^^^^^^^^^^^^^^^
  File "/opt/homebrew/lib/python3.11/site-packages/selenium/webdriver/support/wait.py", line 105, in until
    raise TimeoutException(message, screen, stacktrace)
selenium.common.exceptions.TimeoutException: Message: 
Stacktrace:
0   chromedriver                        0x00000001024ea940 chromedriver + 4368704
1   chromedriver                        0x00000001024e2dd4 chromedriver + 4337108
2   chromedriver                        0x0000000102106c04 chromedriver + 289796
3   chromedriver                        0x0000000102148e00 chromedriver + 560640
4   chromedriver                        0x00000001021815ec chromedriver + 792044
5   chromedriver                        0x000000010213dab4 chromedriver + 514740
6   chromedriver                        0x000000010213e50c chromedriver + 517388
7   chromedriver                        0x00000001024aee5c chromedriver + 4124252
8   chromedriver                        0x00000001024b3c4c chromedriver + 4144204
9   chromedriver                        0x0000000102494824 chromedriver + 4016164
10  chromedriver                        0x00000001024b457c chromedriver + 4146556
11  chromedriver                        0x00000001024862d8 chromedriver + 3957464
12  chromedriver                        0x00000001024d3ec4 chromedriver + 4275908
13  chromedriver                        0x00000001024d4040 chromedriver + 4276288
14  chromedriver                        0x00000001024e2a34 chromedriver + 4336180
15  libsystem_pthread.dylib             0x000000019ca16f94 _pthread_start + 136
16  libsystem_pthread.dylib             0x000000019ca11d34 thread_start + 8


Captured stdout:
a]]>
</error><system-out>
<![CDATA[
@scenario.begin

  @BDDTEST-GPT-766
  Scenario: [A02-07]WorkCodeを編集する Edit workcode
    Given ワークコードマスタに現在登録されているワークコード一覧が表示されている2 / A list of work codes currently registered in the work code master is displayed. ... passed in 0.000s
    When 編集したいワークコードのペンシルマークをクリックし、名前を編集する / Click the pencil mark of the work code you want to edit, and edit name ... failed in 30.101s
    Then どこかをクリックすると保存され、スタッフ画面にも反映されている / Click anywhere to save it and reflect it on the staff screen ... skipped in 0.000s

@scenario.end
--------------------------------------------------------------------------------

Captured stdout:
a

]]>
</system-out></testcase></testsuite>